SF:lib\src\city_list\domain\entities\city_entity.dart
DA:8,2
LF:1
LH:1
end_of_record
SF:lib\src\city_list\domain\usercase\search_city.dart
DA:15,1
DA:18,1
DA:19,1
DA:20,2
DA:21,3
DA:23,2
LF:6
LH:6
end_of_record
SF:lib\src\weather_description\utils\lat_lon.dart
DA:5,3
LF:1
LH:1
end_of_record
SF:lib\src\city_list\infra\models\city_model.dart
DA:6,1
DA:10,1
DA:12,0
DA:13,0
DA:14,0
DA:15,0
DA:17,0
LF:7
LH:2
end_of_record
SF:lib\src\city_list\infra\repositories\search_city_repository_impl.dart
DA:13,1
DA:16,1
DA:20,3
DA:22,0
DA:25,3
LF:5
LH:4
end_of_record
SF:lib\src\weather_description\domain\entities\weather_data_entity.dart
DA:10,0
LF:1
LH:0
end_of_record
SF:lib\src\weather_description\domain\usercases\get_instant_weather.dart
DA:16,1
DA:18,0
DA:19,0
DA:20,0
DA:21,0
DA:23,0
LF:6
LH:1
end_of_record
