SF:lib\src\city_list\domain\entities\city_entity.dart
DA:9,2
LF:1
LH:1
end_of_record
SF:lib\src\city_list\domain\usercase\search_city.dart
DA:15,1
DA:18,1
DA:19,1
DA:20,2
DA:21,3
DA:23,2
LF:6
LH:6
end_of_record
SF:lib\src\weather_description\utils\lat_lon.dart
DA:5,6
LF:1
LH:1
end_of_record
SF:lib\src\city_list\infra\models\city_model.dart
DA:6,2
DA:10,0
DA:11,0
DA:12,0
DA:13,0
DA:17,0
LF:6
LH:1
end_of_record
SF:lib\src\city_list\infra\repositories\get_weather_repository_impl.dart
DA:13,1
DA:16,1
DA:20,3
DA:22,0
DA:25,3
LF:5
LH:4
end_of_record
SF:lib\src\weather_description\external\open_weather\open_weather_datasource.dart
DA:11,2
DA:14,2
DA:15,4
DA:16,6
DA:17,0
DA:18,0
DA:19,0
DA:22,0
DA:27,0
DA:28,0
DA:29,0
DA:31,0
DA:32,0
DA:33,0
DA:37,0
LF:15
LH:4
end_of_record
SF:lib\src\weather_description\infra\models\weather_model.dart
DA:6,0
DA:13,0
DA:15,0
DA:16,0
DA:18,0
DA:19,0
DA:20,0
DA:21,0
DA:26,0
DA:27,0
DA:30,0
DA:31,0
DA:32,0
DA:33,0
DA:34,0
DA:35,0
DA:36,0
LF:17
LH:0
end_of_record
SF:lib\src\weather_description\domain\entities\weather_data_entity.dart
DA:10,0
LF:1
LH:0
end_of_record
SF:lib\src\weather_description\domain\usercases\get_instant_weather.dart
DA:16,1
DA:18,0
DA:19,0
DA:20,0
DA:21,0
DA:23,0
LF:6
LH:1
end_of_record
SF:lib\src\weather_description\infra\repositories\get_weather_repository_impl.dart
DA:14,1
DA:17,0
DA:23,0
DA:25,0
DA:28,0
DA:32,0
DA:37,0
DA:39,0
DA:42,0
LF:9
LH:1
end_of_record
